Mplus VERSION 8.3
MUTHEN & MUTHEN
01/06/2021  10:37 AM

INPUT INSTRUCTIONS

  TITLE:
  M1_scale
  DATA:
  FILE = "m1_scale_72eed46d7c9982002792b970b8030bf8.dat";

  VARIABLE:
  NAMES = country age gender ses education majority well;
   MISSING=.;
   WITHIN = age gender ses education majority
  ;
  CLUSTER IS country;
  ANALYSIS:
  TYPE = TWOLEVEL RANDOM;
  MODEL:
  %WITHIN%
  well ON age;
  well ON gender;
  well ON ses;
  well ON education;
  well ON majority;
  %BETWEEN%
  [well];



*** WARNING in VARIABLE command
  Note that only the first 8 characters of variable names are used in the output.
  Shorten variable names to avoid any confusion.
   1 WARNING(S) FOUND IN THE INPUT INSTRUCTIONS




M1_scale

SUMMARY OF ANALYSIS

Number of groups                                                 1
Number of observations                                        7136

Number of dependent variables                                    1
Number of independent variables                                  5
Number of continuous latent variables                            0

Observed dependent variables

  Continuous
   WELL

Observed independent variables
   AGE         GENDER      SES         EDUCATIO    MAJORITY

Variables with special functions

  Cluster variable      COUNTRY

  Within variables
   AGE         GENDER      SES         EDUCATIO    MAJORITY


Estimator                                                      MLR
Information matrix                                        OBSERVED
Maximum number of iterations                                   100
Convergence criterion                                    0.100D-05
Maximum number of EM iterations                                500
Convergence criteria for the EM algorithm
  Loglikelihood change                                   0.100D-02
  Relative loglikelihood change                          0.100D-05
  Derivative                                             0.100D-03
Minimum variance                                         0.100D-03
Maximum number of steepest descent iterations                   20
Maximum number of iterations for H1                           2000
Convergence criterion for H1                             0.100D-03
Optimization algorithm                                         EMA

Input data file(s)
  m1_scale_72eed46d7c9982002792b970b8030bf8.dat
Input data format  FREE


SUMMARY OF DATA

     Number of missing data patterns             1
     Number of clusters                         24

     Average cluster size      297.333

     Estimated Intraclass Correlations for the Y Variables

                Intraclass
     Variable  Correlation

     WELL         0.050



COVARIANCE COVERAGE OF DATA

Minimum covariance coverage value   0.100


     PROPORTION OF DATA PRESENT


           Covariance Coverage
              WELL          AGE           GENDER        SES           EDUCATIO
              ________      ________      ________      ________      ________
 WELL           1.000
 AGE            1.000         1.000
 GENDER         1.000         1.000         1.000
 SES            1.000         1.000         1.000         1.000
 EDUCATIO       1.000         1.000         1.000         1.000         1.000
 MAJORITY       1.000         1.000         1.000         1.000         1.000


           Covariance Coverage
              MAJORITY
              ________
 MAJORITY       1.000



UNIVARIATE SAMPLE STATISTICS


     UNIVARIATE HIGHER-ORDER MOMENT DESCRIPTIVE STATISTICS

         Variable/         Mean/     Skewness/   Minimum/ % with                Percentiles
        Sample Size      Variance    Kurtosis    Maximum  Min/Max      20%/60%    40%/80%    Median

     WELL                  0.000      -0.641      -2.549    0.03%      -0.549     -0.049      0.076
            7136.000       0.426       0.204       1.389    0.15%       0.264      0.576
     AGE                  33.698       1.184       0.000    0.03%      23.000     26.000     29.000
            7136.000     186.577       0.755      86.000    0.01%      33.000     44.000
     GENDER                1.573      -0.295       1.000   42.71%       1.000      1.000      2.000
            7136.000       0.245      -1.913       2.000   57.29%       2.000      2.000
     SES                   6.081      -0.427       1.000    1.15%       5.000      6.000      6.000
            7136.000       3.100       0.078      10.000    1.68%       7.000      8.000
     EDUCATION             4.646      -0.041       1.000    0.76%       4.000      4.000      5.000
            7136.000       1.571      -0.207       7.000    8.72%       5.000      6.000
     MAJORITY              0.873      -2.254       0.000   12.58%       1.000      1.000      1.000
            7136.000       0.110       3.085       1.000   83.35%       1.000      1.000


THE MODEL ESTIMATION TERMINATED NORMALLY



MODEL FIT INFORMATION

Number of Free Parameters                        8

Loglikelihood

          H0 Value                       -6111.238
          H0 Scaling Correction Factor      3.0739
            for MLR
          H1 Value                       -6111.238
          H1 Scaling Correction Factor      3.0739
            for MLR

Information Criteria

          Akaike (AIC)                   12238.476
          Bayesian (BIC)                 12293.460
          Sample-Size Adjusted BIC       12268.037
            (n* = (n + 2) / 24)

Chi-Square Test of Model Fit

          Value                              0.000*
          Degrees of Freedom                     0
          P-Value                           1.0000
          Scaling Correction Factor         1.0000
            for MLR

*   The chi-square value for MLM, MLMV, MLR, ULSMV, WLSM and WLSMV cannot be used
    for chi-square difference testing in the regular way.  MLM, MLR and WLSM
    chi-square difference testing is described on the Mplus website.  MLMV, WLSMV,
    and ULSMV difference testing is done using the DIFFTEST option.

RMSEA (Root Mean Square Error Of Approximation)

          Estimate                           0.000

CFI/TLI

          CFI                                1.000
          TLI                                1.000

Chi-Square Test of Model Fit for the Baseline Model

          Value                            643.553
          Degrees of Freedom                     5
          P-Value                           0.0000

SRMR (Standardized Root Mean Square Residual)

          Value for Within                   0.000
          Value for Between                  0.000



MODEL RESULTS

                                                    Two-Tailed
                    Estimate       S.E.  Est./S.E.    P-Value

Within Level

 WELL       ON
    AGE                0.003      0.001      3.416      0.001
    GENDER            -0.002      0.019     -0.107      0.915
    SES                0.143      0.012     11.693      0.000
    EDUCATION          0.033      0.006      5.332      0.000
    MAJORITY          -0.001      0.023     -0.060      0.952

 Residual Variances
    WELL               0.321      0.013     25.357      0.000

Between Level

 Means
    WELL              -1.130      0.113     -9.995      0.000

 Variances
    WELL               0.021      0.011      1.810      0.070


QUALITY OF NUMERICAL RESULTS

     Condition Number for the Information Matrix              0.101E-04
       (ratio of smallest to largest eigenvalue)


     Beginning Time:  10:37:42
        Ending Time:  10:37:43
       Elapsed Time:  00:00:01



MUTHEN & MUTHEN
3463 Stoner Ave.
Los Angeles, CA  90066

Tel: (310) 391-9971
Fax: (310) 391-8971
Web: www.StatModel.com
Support: Support@StatModel.com

Copyright (c) 1998-2019 Muthen & Muthen
