Mplus VERSION 8.3
MUTHEN & MUTHEN
01/06/2021  10:51 AM

INPUT INSTRUCTIONS

  TITLE:
  M3fx_final
  DATA:
  FILE = "m3fx_final_1fdbb9802dd095090fc2f2b9b921e900.dat";

  VARIABLE:
  NAMES = country age gender ses education majority rel cnorm well int;
   MISSING=.;
   WITHIN = age gender ses education majority
  rel
  cnorm
  int;
  CLUSTER IS country;
  ANALYSIS:
  TYPE = TWOLEVEL RANDOM;
  MODEL:
  %WITHIN%
  sreli | well ON rel;
  snorm | well ON cnorm;
  sint | well ON int;
  well ON age;
  well ON gender;
  well ON ses;
  well ON education;
  well ON majority;
  %BETWEEN%
  [well];
  [sreli];
  [snorm];
  [sint];
  sreli@0;
  snorm@0;
  sint@0;



*** WARNING in VARIABLE command
  Note that only the first 8 characters of variable names are used in the output.
  Shorten variable names to avoid any confusion.
   1 WARNING(S) FOUND IN THE INPUT INSTRUCTIONS




M3fx_final

SUMMARY OF ANALYSIS

Number of groups                                                 1
Number of observations                                       10195

Number of dependent variables                                    1
Number of independent variables                                  8
Number of continuous latent variables                            3

Observed dependent variables

  Continuous
   WELL

Observed independent variables
   AGE         GENDER      SES         EDUCATIO    MAJORITY    REL
   CNORM       INT

Continuous latent variables
   SRELI       SNORM       SINT

Variables with special functions

  Cluster variable      COUNTRY

  Within variables
   AGE         GENDER      SES         EDUCATIO    MAJORITY    REL
   CNORM       INT


Estimator                                                      MLR
Information matrix                                        OBSERVED
Maximum number of iterations                                   100
Convergence criterion                                    0.100D-05
Maximum number of EM iterations                                500
Convergence criteria for the EM algorithm
  Loglikelihood change                                   0.100D-02
  Relative loglikelihood change                          0.100D-05
  Derivative                                             0.100D-03
Minimum variance                                         0.100D-03
Maximum number of steepest descent iterations                   20
Maximum number of iterations for H1                           2000
Convergence criterion for H1                             0.100D-03
Optimization algorithm                                         EMA

Input data file(s)
  m3fx_final_1fdbb9802dd095090fc2f2b9b921e900.dat
Input data format  FREE


SUMMARY OF DATA

     Number of missing data patterns             1
     Number of clusters                         24



COVARIANCE COVERAGE OF DATA

Minimum covariance coverage value   0.100


     PROPORTION OF DATA PRESENT


           Covariance Coverage
              WELL          AGE           GENDER        SES           EDUCATIO
              ________      ________      ________      ________      ________
 WELL           1.000
 AGE            1.000         1.000
 GENDER         1.000         1.000         1.000
 SES            1.000         1.000         1.000         1.000
 EDUCATIO       1.000         1.000         1.000         1.000         1.000
 MAJORITY       1.000         1.000         1.000         1.000         1.000
 REL            1.000         1.000         1.000         1.000         1.000
 CNORM          1.000         1.000         1.000         1.000         1.000
 INT            1.000         1.000         1.000         1.000         1.000


           Covariance Coverage
              MAJORITY      REL           CNORM         INT
              ________      ________      ________      ________
 MAJORITY       1.000
 REL            1.000         1.000
 CNORM          1.000         1.000         1.000
 INT            1.000         1.000         1.000         1.000



UNIVARIATE SAMPLE STATISTICS


     UNIVARIATE HIGHER-ORDER MOMENT DESCRIPTIVE STATISTICS

         Variable/         Mean/     Skewness/   Minimum/ % with                Percentiles
        Sample Size      Variance    Kurtosis    Maximum  Min/Max      20%/60%    40%/80%    Median

     WELL                  0.000      -0.642      -2.553    0.02%      -0.553     -0.053      0.072
           10195.000       0.422       0.228       1.384    0.13%       0.259      0.572
     AGE                  33.763       1.180       0.000    0.02%      22.000     26.000     29.000
           10195.000     190.786       0.704      90.000    0.01%      33.000     44.000
     GENDER                1.564      -0.257       1.000   43.62%       1.000      1.000      2.000
           10195.000       0.246      -1.934       2.000   56.38%       2.000      2.000
     SES                   6.099      -0.433       1.000    1.19%       5.000      6.000      6.000
           10195.000       3.126       0.075      10.000    1.68%       7.000      8.000
     EDUCATION             4.641      -0.029       1.000    0.77%       4.000      4.000      5.000
           10195.000       1.587      -0.226       7.000    8.89%       5.000      6.000
     MAJORITY              0.874      -2.262       0.000   12.54%       1.000      1.000      1.000
           10195.000       0.109       3.117       1.000   83.49%       1.000      1.000
     REL                   0.000       0.480      -0.364   10.13%      -0.293     -0.162     -0.070
           10195.000       0.090      -1.055       0.636    0.90%       0.049      0.321
     CNORM                 0.000       0.257      -0.414   11.92%      -0.164     -0.164     -0.039
           10195.000       0.069      -0.606       0.586    3.50%       0.086      0.211
     INT                   0.033       1.011      -0.263    0.01%      -0.022      0.007      0.017
           10195.000       0.007       2.697       0.373    0.45%       0.035      0.084


THE MODEL ESTIMATION TERMINATED NORMALLY



MODEL FIT INFORMATION

Number of Free Parameters                       11

Loglikelihood

          H0 Value                       -8535.494
          H0 Scaling Correction Factor      2.9162
            for MLR

Information Criteria

          Akaike (AIC)                   17092.987
          Bayesian (BIC)                 17172.514
          Sample-Size Adjusted BIC       17137.557
            (n* = (n + 2) / 24)



MODEL RESULTS

                                                    Two-Tailed
                    Estimate       S.E.  Est./S.E.    P-Value

Within Level

 WELL       ON
    AGE                0.002      0.001      3.130      0.002
    GENDER            -0.019      0.019     -0.970      0.332
    SES                0.137      0.011     12.680      0.000
    EDUCATION          0.034      0.005      6.928      0.000
    MAJORITY           0.037      0.019      1.908      0.056

 Residual Variances
    WELL               0.310      0.011     27.058      0.000

Between Level

 Means
    WELL              -1.102      0.095    -11.568      0.000
    SRELI              0.249      0.023     10.893      0.000
    SNORM              0.093      0.037      2.544      0.011
    SINT               0.410      0.086      4.750      0.000

 Variances
    WELL               0.020      0.010      2.066      0.039
    SRELI              0.000      0.000    999.000    999.000
    SNORM              0.000      0.000    999.000    999.000
    SINT               0.000      0.000    999.000    999.000


QUALITY OF NUMERICAL RESULTS

     Condition Number for the Information Matrix              0.108E-03
       (ratio of smallest to largest eigenvalue)


     Beginning Time:  10:51:39
        Ending Time:  10:51:40
       Elapsed Time:  00:00:01



MUTHEN & MUTHEN
3463 Stoner Ave.
Los Angeles, CA  90066

Tel: (310) 391-9971
Fax: (310) 391-8971
Web: www.StatModel.com
Support: Support@StatModel.com

Copyright (c) 1998-2019 Muthen & Muthen
